<?xml version="1.0" encoding="UTF-8"?>
<testsuite name="com.example.project.TestUser" tests="2" skipped="0" failures="0" errors="0" timestamp="2025-01-26T22:49:41" hostname="codespaces-9da47d" time="0.037">
  <properties/>
  <testcase name="testUserConstructor()" classname="com.example.project.TestUser" time="0.027"/>
  <testcase name="testUserInfo()" classname="com.example.project.TestUser" time="0.004"/>
  <system-out><![CDATA[]]></system-out>
  <system-err><![CDATA[]]></system-err>
</testsuite>
