<?xml version="1.0" encoding="UTF-8"?>
<testsuite name="com.example.project.TestUser" tests="2" skipped="0" failures="0" errors="0" timestamp="2025-01-27T18:15:31" hostname="codespaces-9da47d" time="0.077">
  <properties/>
  <testcase name="testUserConstructor()" classname="com.example.project.TestUser" time="0.059"/>
  <testcase name="testUserInfo()" classname="com.example.project.TestUser" time="0.011"/>
  <system-out><![CDATA[]]></system-out>
  <system-err><![CDATA[]]></system-err>
</testsuite>
